#-----------------------------------------------------------
# Vivado v2018.1 (64-bit)
# SW Build 2188600 on Wed Apr  4 18:40:38 MDT 2018
# IP Build 2185939 on Wed Apr  4 20:55:05 MDT 2018
# Start of session at: Thu Apr 25 09:45:30 2024
# Process ID: 17132
# Current directory: D:/Nano_processor_ifa
# Command line: vivado.exe -gui_launcher_event rodinguilauncherevent16264 D:\Nano_processor_ifa\Nano_processor.xpr
# Log file: D:/Nano_processor_ifa/vivado.log
# Journal file: D:/Nano_processor_ifa\vivado.jou
#-----------------------------------------------------------
start_gui
open_project D:/Nano_processor_ifa/Nano_processor.xpr
Scanning sources...
Finished scanning sources
INFO: [IP_Flow 19-234] Refreshing IP repositories
INFO: [IP_Flow 19-1704] No user IP repositories specified
INFO: [IP_Flow 19-2313] Loaded Vivado IP repository 'D:/Xilinx/Vivado/2018.1/data/ip'.
open_project: Time (s): cpu = 00:00:15 ; elapsed = 00:00:08 . Memory (MB): peak = 840.680 ; gain = 78.184
update_compile_order -fileset sources_1
set_property SOURCE_SET sources_1 [get_filesets sim_1]
add_files -fileset sim_1 -norecurse {D:/COMPARATOR/COMPARATOR.srcs/sim_1/new/COMPARATOR_SIM.vhd {C:/Users/anash/Lab 05/Lab 05.srcs/sim_1/new/TB_Mulitlplier_4.vhd} C:/Users/anash/Desktop/An/A_N_D_sim.vhd D:/Bit_Shifter/Bit_Shifter.srcs/sim_1/new/bit_shift_sim.vhd}
update_compile_order -fileset sim_1
import_files
INFO: [filemgmt 20-334] All file(s) are already imported in fileset: 'constrs_1'
INFO: [filemgmt 20-348] Importing the appropriate files for fileset: 'constrs_1'
INFO: [filemgmt 20-348] Importing the appropriate files for fileset: 'sim_1'
INFO: [filemgmt 20-348] Importing the appropriate files for fileset: 'sources_1'
exit
INFO: [Common 17-206] Exiting Vivado at Thu Apr 25 09:48:57 2024...
