#-----------------------------------------------------------
# Vivado v2018.1 (64-bit)
# SW Build 2188600 on Wed Apr  4 18:40:38 MDT 2018
# IP Build 2185939 on Wed Apr  4 20:55:05 MDT 2018
# Start of session at: Thu Apr 25 09:49:19 2024
# Process ID: 15092
# Current directory: D:/Nano_processor_ifa
# Command line: vivado.exe -gui_launcher_event rodinguilauncherevent10520 D:\Nano_processor_ifa\Nano_processor.xpr
# Log file: D:/Nano_processor_ifa/vivado.log
# Journal file: D:/Nano_processor_ifa\vivado.jou
#-----------------------------------------------------------
start_gui
open_project D:/Nano_processor_ifa/Nano_processor.xpr
Scanning sources...
Finished scanning sources
INFO: [IP_Flow 19-234] Refreshing IP repositories
INFO: [IP_Flow 19-1704] No user IP repositories specified
INFO: [IP_Flow 19-2313] Loaded Vivado IP repository 'D:/Xilinx/Vivado/2018.1/data/ip'.
open_project: Time (s): cpu = 00:00:14 ; elapsed = 00:00:07 . Memory (MB): peak = 924.031 ; gain = 164.898
update_compile_order -fileset sources_1
exit
INFO: [Common 17-206] Exiting Vivado at Thu Apr 25 09:52:12 2024...
